-------------------------------------------------------------------------------
Test set: arquitetura.eventsystem.EventsystemApplicationTests
-------------------------------------------------------------------------------
Tests run: 1, Failures: 0, Errors: 1, Skipped: 0, Time elapsed: 3.402 s <<< FAILURE! - in arquitetura.eventsystem.EventsystemApplicationTests
contextLoads  Time elapsed: 0.001 s  <<< ERROR!
java.lang.IllegalStateException: Failed to load ApplicationContext
Caused by: org.springframework.beans.factory.UnsatisfiedDependencyException: Error creating bean with name 'userController' defined in file [C:\Users\Jordan\Documents\NetBeansProjects\eventsystem\target\classes\arquitetura\eventsystem\api\controller\UserController.class]: Unsatisfied dependency expressed through constructor parameter 0; nested exception is org.springframework.beans.factory.UnsatisfiedDependencyException: Error creating bean with name 'userService' defined in file [C:\Users\Jordan\Documents\NetBeansProjects\eventsystem\target\classes\arquitetura\eventsystem\domain\service\UserService.class]: Unsatisfied dependency expressed through constructor parameter 0; nested exception is org.springframework.beans.factory.NoSuchBeanDefinitionException: No qualifying bean of type 'arquitetura.eventsystem.domain.repository.UserRepository' available: expected at least 1 bean which qualifies as autowire candidate. Dependency annotations: {}
Caused by: org.springframework.beans.factory.UnsatisfiedDependencyException: Error creating bean with name 'userService' defined in file [C:\Users\Jordan\Documents\NetBeansProjects\eventsystem\target\classes\arquitetura\eventsystem\domain\service\UserService.class]: Unsatisfied dependency expressed through constructor parameter 0; nested exception is org.springframework.beans.factory.NoSuchBeanDefinitionException: No qualifying bean of type 'arquitetura.eventsystem.domain.repository.UserRepository' available: expected at least 1 bean which qualifies as autowire candidate. Dependency annotations: {}
Caused by: org.springframework.beans.factory.NoSuchBeanDefinitionException: No qualifying bean of type 'arquitetura.eventsystem.domain.repository.UserRepository' available: expected at least 1 bean which qualifies as autowire candidate. Dependency annotations: {}

